c:\dev\component_storage\bin-int\windows-debug-x86_64\vc143.pdb
c:\dev\component_storage\bin-int\windows-debug-x86_64\producenthandler.obj
c:\dev\component_storage\bin-int\windows-debug-x86_64\manager.obj
c:\dev\component_storage\bin-int\windows-debug-x86_64\funkcje.obj
c:\dev\component_storage\bin-int\windows-debug-x86_64\menuprint.obj
c:\dev\component_storage\bin-int\windows-debug-x86_64\menupobieranie.obj
c:\dev\component_storage\bin-int\windows-debug-x86_64\menudodawanie.obj
c:\dev\component_storage\bin-int\windows-debug-x86_64\manufacturermenu.obj
c:\dev\component_storage\bin-int\windows-debug-x86_64\mainmenu.obj
c:\dev\component_storage\bin-int\windows-debug-x86_64\main.obj
c:\dev\component_storage\bin-int\windows-debug-x86_64\ukladscalony.obj
c:\dev\component_storage\bin-int\windows-debug-x86_64\tranzystor.obj
c:\dev\component_storage\bin-int\windows-debug-x86_64\rezystor.obj
c:\dev\component_storage\bin-int\windows-debug-x86_64\kondensator.obj
c:\dev\component_storage\bin-int\windows-debug-x86_64\cewka.obj
c:\dev\component_storage\bin-int\windows-debug-x86_64\filehandler.obj
c:\dev\component_storage\bin-int\windows-debug-x86_64\menu.obj
c:\dev\component_storage\bin-int\windows-debug-x86_64\komponent.obj
c:\dev\component_storage\bin-int\windows-debug-x86_64\storagehandler.obj
c:\dev\component_storage\bin-int\windows-debug-x86_64\producent.obj
c:\dev\component_storage\bin-int\windows-debug-x86_64\menuhandler.obj
c:\dev\component_storage\bin\windows-debug-x86_64\component_storage.exe
c:\dev\component_storage\bin-int\windows-debug-x86_64\component_storage.ilk
c:\dev\component_storage\bin\windows-debug-x86_64\component_storage.pdb
c:\dev\component_storage\bin-int\windows-debug-x86_64\log.obj
c:\dev\component_storage\bin-int\windows-debug-x86_64\componen.acf6daea.tlog\cl.command.1.tlog
c:\dev\component_storage\bin-int\windows-debug-x86_64\componen.acf6daea.tlog\cl.read.1.tlog
c:\dev\component_storage\bin-int\windows-debug-x86_64\componen.acf6daea.tlog\cl.write.1.tlog
c:\dev\component_storage\bin-int\windows-debug-x86_64\componen.acf6daea.tlog\link.command.1.tlog
c:\dev\component_storage\bin-int\windows-debug-x86_64\componen.acf6daea.tlog\link.read.1.tlog
c:\dev\component_storage\bin-int\windows-debug-x86_64\componen.acf6daea.tlog\link.write.1.tlog
